<?xml version="1.0" encoding="UTF-8"?>
<!-- Generated by org.testng.reporters.JUnitReportReporter -->
<testsuite hostname="Bhavishyas-Laptop.local" failures="0" tests="5" name="com.qa.opencart.tests.HomePageTest" time="1.171" errors="0" timestamp="2025-05-20T17:24:50 PDT" skipped="0">
  <testcase classname="com.qa.opencart.tests.HomePageTest" name="searchTest" time="0.376"/>
  <testcase classname="com.qa.opencart.tests.HomePageTest" name="homePageUrlTest" time="0.001"/>
  <testcase classname="com.qa.opencart.tests.HomePageTest" name="searchTest" time="0.404"/>
  <testcase classname="com.qa.opencart.tests.HomePageTest" name="searchTest" time="0.381"/>
  <testcase classname="com.qa.opencart.tests.HomePageTest" name="homePageTitleTest" time="0.009"/>
</testsuite> <!-- com.qa.opencart.tests.HomePageTest -->
